<?xml version="1.0" encoding="UTF-8"?>
<!-- Generated by org.testng.reporters.JUnitReportReporter -->
<testsuite hostname="DESKTOP-CT7HRF3" name="classes.PersonTest" tests="5" failures="0" timestamp="5 Sep 2019 09:15:07 GMT" time="0.002" errors="0">
  <testcase name="testGetFullName" time="0.000" classname="classes.PersonTest"/>
  <testcase name="testGetGender" time="0.000" classname="classes.PersonTest"/>
  <testcase name="testGetEthnicity" time="0.001" classname="classes.PersonTest"/>
  <testcase name="testGetBirthDate" time="0.000" classname="classes.PersonTest"/>
  <testcase name="testGetNationality" time="0.001" classname="classes.PersonTest"/>
</testsuite> <!-- classes.PersonTest -->
