<?xml version="1.0" encoding="UTF-8"?>
<!-- Generated by org.testng.reporters.JUnitReportReporter -->
<testsuite hostname="Davids-MacBook-Air.local" name="classes.TranslatorTest" tests="5" failures="0" timestamp="4 Sep 2019 09:41:03 GMT" time="0.081" errors="0">
  <testcase name="testCalculateFortune" time="0.000" classname="classes.TranslatorTest"/>
  <testcase name="testAge" time="0.080" classname="classes.TranslatorTest"/>
  <testcase name="testRandomNumber" time="0.000" classname="classes.TranslatorTest"/>
  <testcase name="testGetFortune" time="0.001" classname="classes.TranslatorTest"/>
  <testcase name="testGender" time="0.000" classname="classes.TranslatorTest"/>
</testsuite> <!-- classes.TranslatorTest -->
