<?xml version="1.0" encoding="UTF-8"?>
<!-- Generated by org.testng.reporters.JUnitReportReporter -->
<testsuite hostname="Davids-MacBook-Air.local" name="classes.RandomFactorTest" tests="1" failures="0" timestamp="3 Sep 2019 11:13:10 GMT" time="0.809" errors="0">
  <testcase name="testGetRandomNumber" time="0.809" classname="classes.RandomFactorTest"/>
</testsuite> <!-- classes.RandomFactorTest -->
