<?xml version="1.0" encoding="UTF-8"?>
<!-- Generated by org.testng.reporters.JUnitReportReporter -->
<testsuite hostname="DESKTOP-CT7HRF3" name="classes.RandomFactorTest" tests="1" failures="0" timestamp="5 Sep 2019 09:15:07 GMT" time="0.309" errors="0">
  <testcase name="testGetRandomNumber" time="0.309" classname="classes.RandomFactorTest"/>
</testsuite> <!-- classes.RandomFactorTest -->
