<?xml version="1.0" encoding="UTF-8"?>
<!-- Generated by org.testng.reporters.JUnitReportReporter -->
<<<<<<< HEAD
<<<<<<< HEAD
<testsuite hostname="DESKTOP-CT7HRF3" name="classes.TranslatorTest" tests="5" failures="0" timestamp="3 Sep 2019 11:13:29 GMT" time="0.031" errors="0">
  <testcase name="testGetFortune" time="0.001" classname="classes.TranslatorTest"/>
  <testcase name="testCalculateFortune" time="0.000" classname="classes.TranslatorTest"/>
  <testcase name="testRandomNumber" time="0.000" classname="classes.TranslatorTest"/>
  <testcase name="testGender" time="0.000" classname="classes.TranslatorTest"/>
  <testcase name="testAge" time="0.030" classname="classes.TranslatorTest"/>
=======
<testsuite hostname="Davids-MacBook-Air.local" name="classes.TranslatorTest" tests="5" failures="0" timestamp="3 Sep 2019 11:13:05 GMT" time="0.069" errors="0">
  <testcase name="testCalculateFortune" time="0.002" classname="classes.TranslatorTest"/>
  <testcase name="testAge" time="0.064" classname="classes.TranslatorTest"/>
  <testcase name="testRandomNumber" time="0.001" classname="classes.TranslatorTest"/>
  <testcase name="testGetFortune" time="0.001" classname="classes.TranslatorTest"/>
  <testcase name="testGender" time="0.001" classname="classes.TranslatorTest"/>
>>>>>>> cd3375b1e2e94d4c843957bd12359a63a46cf951
=======
<testsuite hostname="Davids-MacBook-Air.local" name="classes.TranslatorTest" tests="5" failures="0" timestamp="4 Sep 2019 09:41:03 GMT" time="0.081" errors="0">
  <testcase name="testCalculateFortune" time="0.000" classname="classes.TranslatorTest"/>
  <testcase name="testAge" time="0.080" classname="classes.TranslatorTest"/>
  <testcase name="testRandomNumber" time="0.000" classname="classes.TranslatorTest"/>
  <testcase name="testGetFortune" time="0.001" classname="classes.TranslatorTest"/>
  <testcase name="testGender" time="0.000" classname="classes.TranslatorTest"/>
>>>>>>> a8ac98ee6f26e778d75c73d22e27a6c9e5b3f6a7
</testsuite> <!-- classes.TranslatorTest -->
