<?xml version="1.0" encoding="UTF-8"?>
<!-- Generated by org.testng.reporters.JUnitReportReporter -->
<testsuite hostname="Davids-MacBook-Air.local" name="classes.RandomFactorTest" tests="1" failures="0" timestamp="4 Sep 2019 09:41:08 GMT" time="0.014" errors="0">
  <testcase name="testGetRandomNumber" time="0.014" classname="classes.RandomFactorTest"/>
</testsuite> <!-- classes.RandomFactorTest -->
